2024-06-15 14:30:13,521:WARNING:
'cuml' is a soft dependency and not included in the pycaret installation. Please run: `pip install cuml` to install.
2024-06-15 14:30:13,521:WARNING:
'cuml' is a soft dependency and not included in the pycaret installation. Please run: `pip install cuml` to install.
2024-06-15 14:30:13,521:WARNING:
'cuml' is a soft dependency and not included in the pycaret installation. Please run: `pip install cuml` to install.
2024-06-15 14:30:13,521:WARNING:
'cuml' is a soft dependency and not included in the pycaret installation. Please run: `pip install cuml` to install.
2024-06-15 14:30:13,714:INFO:Initializing load_model()
2024-06-15 14:30:13,714:INFO:Initializing load_model()
2024-06-15 14:30:13,714:INFO:Initializing load_model()
2024-06-15 14:30:13,714:INFO:load_model(model_name=insurance_model, platform=None, authentication=None, verbose=True)
2024-06-15 14:30:13,714:INFO:load_model(model_name=insurance_model, platform=None, authentication=None, verbose=True)
2024-06-15 14:30:13,715:INFO:load_model(model_name=insurance_model, platform=None, authentication=None, verbose=True)
2024-06-15 14:30:13,841:INFO:Transformation Pipeline and Model Successfully Loaded
2024-06-15 14:30:13,843:WARNING:C:\Users\Pushpak Patil\AppData\Local\Programs\Python\Python310\lib\site-packages\pycaret\internal\pipeline.py:148: UserWarning: Version mismatch:
current: {'deps_info': {'pip': '24.0', 'setuptools': '65.5.0', 'pycaret': '3.3.2', 'IPython': '8.25.0', 'ipywidgets': '8.1.3', 'tqdm': '4.66.4', 'numpy': '1.26.4', 'pandas': '2.1.4', 'jinja2': '3.1.4', 'scipy': '1.11.4', 'joblib': '1.3.2', 'sklearn': '1.4.2', 'pyod': '2.0.0', 'imblearn': '0.12.3', 'category_encoders': '2.6.3', 'lightgbm': '4.4.0', 'numba': '0.60.0', 'requests': '2.32.3', 'matplotlib': '3.7.5', 'scikitplot': '0.3.7', 'yellowbrick': '1.5', 'plotly': '5.22.0', 'plotly-resampler': 'Not installed', 'kaleido': '0.2.1', 'schemdraw': '0.15', 'statsmodels': '0.14.2', 'sktime': '0.26.0', 'tbats': '1.1.3', 'pmdarima': '2.0.4', 'psutil': '5.9.8', 'markupsafe': '2.1.5', 'pickle5': 'Not installed', 'cloudpickle': '3.0.0', 'deprecation': '2.1.0', 'xxhash': '3.4.1', 'wurlitzer': 'Not installed'}, 'python': {'version': '3.10.11', 'machine': 'AMD64'}}
pickle: {'deps_info': {'pip': '23.2.1', 'setuptools': '68.0.0', 'pycaret': '3.3.2', 'IPython': '8.20.0', 'ipywidgets': '8.0.4', 'tqdm': '4.65.0', 'numpy': '1.26.3', 'pandas': '2.1.4', 'jinja2': '3.1.2', 'scipy': '1.11.4', 'joblib': '1.2.0', 'sklearn': '1.4.2', 'pyod': '2.0.0', 'imblearn': '0.12.3', 'category_encoders': '2.6.3', 'lightgbm': '4.3.0', 'numba': '0.58.1', 'requests': '2.31.0', 'matplotlib': '3.7.5', 'scikitplot': '0.3.7', 'yellowbrick': '1.5', 'plotly': '5.22.0', 'plotly-resampler': 'Not installed', 'kaleido': '0.2.1', 'schemdraw': '0.15', 'statsmodels': '0.14.0', 'sktime': '0.26.0', 'tbats': '1.1.3', 'pmdarima': '2.0.4', 'psutil': '5.9.0', 'markupsafe': '2.1.3', 'pickle5': 'Not installed', 'cloudpickle': '2.2.1', 'deprecation': '2.1.0', 'xxhash': '2.0.2', 'wurlitzer': 'Not installed'}, 'python': {'version': '3.11.4', 'machine': 'AMD64'}}
  warnings.warn(

2024-06-15 14:30:13,844:INFO:Transformation Pipeline and Model Successfully Loaded
2024-06-15 14:30:13,846:INFO:Transformation Pipeline and Model Successfully Loaded
2024-06-15 14:30:28,052:INFO:Initializing load_model()
2024-06-15 14:30:28,052:INFO:load_model(model_name=insurance_model, platform=None, authentication=None, verbose=True)
2024-06-15 14:30:28,072:WARNING:C:\Users\Pushpak Patil\AppData\Local\Programs\Python\Python310\lib\site-packages\pycaret\internal\pipeline.py:148: UserWarning: Version mismatch:
current: {'deps_info': {'pip': '24.0', 'setuptools': '65.5.0', 'pycaret': '3.3.2', 'IPython': '8.25.0', 'ipywidgets': '8.1.3', 'tqdm': '4.66.4', 'numpy': '1.26.4', 'pandas': '2.1.4', 'jinja2': '3.1.4', 'scipy': '1.11.4', 'joblib': '1.3.2', 'sklearn': '1.4.2', 'pyod': '2.0.0', 'imblearn': '0.12.3', 'category_encoders': '2.6.3', 'lightgbm': '4.4.0', 'numba': '0.60.0', 'requests': '2.32.3', 'matplotlib': '3.7.5', 'scikitplot': '0.3.7', 'yellowbrick': '1.5', 'plotly': '5.22.0', 'plotly-resampler': 'Not installed', 'kaleido': '0.2.1', 'schemdraw': '0.15', 'statsmodels': '0.14.2', 'sktime': '0.26.0', 'tbats': '1.1.3', 'pmdarima': '2.0.4', 'psutil': '5.9.8', 'markupsafe': '2.1.5', 'pickle5': 'Not installed', 'cloudpickle': '3.0.0', 'deprecation': '2.1.0', 'xxhash': '3.4.1', 'wurlitzer': 'Not installed'}, 'python': {'version': '3.10.11', 'machine': 'AMD64'}}
pickle: {'deps_info': {'pip': '23.2.1', 'setuptools': '68.0.0', 'pycaret': '3.3.2', 'IPython': '8.20.0', 'ipywidgets': '8.0.4', 'tqdm': '4.65.0', 'numpy': '1.26.3', 'pandas': '2.1.4', 'jinja2': '3.1.2', 'scipy': '1.11.4', 'joblib': '1.2.0', 'sklearn': '1.4.2', 'pyod': '2.0.0', 'imblearn': '0.12.3', 'category_encoders': '2.6.3', 'lightgbm': '4.3.0', 'numba': '0.58.1', 'requests': '2.31.0', 'matplotlib': '3.7.5', 'scikitplot': '0.3.7', 'yellowbrick': '1.5', 'plotly': '5.22.0', 'plotly-resampler': 'Not installed', 'kaleido': '0.2.1', 'schemdraw': '0.15', 'statsmodels': '0.14.0', 'sktime': '0.26.0', 'tbats': '1.1.3', 'pmdarima': '2.0.4', 'psutil': '5.9.0', 'markupsafe': '2.1.3', 'pickle5': 'Not installed', 'cloudpickle': '2.2.1', 'deprecation': '2.1.0', 'xxhash': '2.0.2', 'wurlitzer': 'Not installed'}, 'python': {'version': '3.11.4', 'machine': 'AMD64'}}
  warnings.warn(

2024-06-15 14:30:28,072:INFO:Transformation Pipeline and Model Successfully Loaded
2024-06-15 14:30:28,709:INFO:Initializing load_model()
2024-06-15 14:30:28,709:INFO:load_model(model_name=insurance_model, platform=None, authentication=None, verbose=True)
2024-06-15 14:30:28,722:WARNING:C:\Users\Pushpak Patil\AppData\Local\Programs\Python\Python310\lib\site-packages\pycaret\internal\pipeline.py:148: UserWarning: Version mismatch:
current: {'deps_info': {'pip': '24.0', 'setuptools': '65.5.0', 'pycaret': '3.3.2', 'IPython': '8.25.0', 'ipywidgets': '8.1.3', 'tqdm': '4.66.4', 'numpy': '1.26.4', 'pandas': '2.1.4', 'jinja2': '3.1.4', 'scipy': '1.11.4', 'joblib': '1.3.2', 'sklearn': '1.4.2', 'pyod': '2.0.0', 'imblearn': '0.12.3', 'category_encoders': '2.6.3', 'lightgbm': '4.4.0', 'numba': '0.60.0', 'requests': '2.32.3', 'matplotlib': '3.7.5', 'scikitplot': '0.3.7', 'yellowbrick': '1.5', 'plotly': '5.22.0', 'plotly-resampler': 'Not installed', 'kaleido': '0.2.1', 'schemdraw': '0.15', 'statsmodels': '0.14.2', 'sktime': '0.26.0', 'tbats': '1.1.3', 'pmdarima': '2.0.4', 'psutil': '5.9.8', 'markupsafe': '2.1.5', 'pickle5': 'Not installed', 'cloudpickle': '3.0.0', 'deprecation': '2.1.0', 'xxhash': '3.4.1', 'wurlitzer': 'Not installed'}, 'python': {'version': '3.10.11', 'machine': 'AMD64'}}
pickle: {'deps_info': {'pip': '23.2.1', 'setuptools': '68.0.0', 'pycaret': '3.3.2', 'IPython': '8.20.0', 'ipywidgets': '8.0.4', 'tqdm': '4.65.0', 'numpy': '1.26.3', 'pandas': '2.1.4', 'jinja2': '3.1.2', 'scipy': '1.11.4', 'joblib': '1.2.0', 'sklearn': '1.4.2', 'pyod': '2.0.0', 'imblearn': '0.12.3', 'category_encoders': '2.6.3', 'lightgbm': '4.3.0', 'numba': '0.58.1', 'requests': '2.31.0', 'matplotlib': '3.7.5', 'scikitplot': '0.3.7', 'yellowbrick': '1.5', 'plotly': '5.22.0', 'plotly-resampler': 'Not installed', 'kaleido': '0.2.1', 'schemdraw': '0.15', 'statsmodels': '0.14.0', 'sktime': '0.26.0', 'tbats': '1.1.3', 'pmdarima': '2.0.4', 'psutil': '5.9.0', 'markupsafe': '2.1.3', 'pickle5': 'Not installed', 'cloudpickle': '2.2.1', 'deprecation': '2.1.0', 'xxhash': '2.0.2', 'wurlitzer': 'Not installed'}, 'python': {'version': '3.11.4', 'machine': 'AMD64'}}
  warnings.warn(

2024-06-15 14:30:28,723:INFO:Transformation Pipeline and Model Successfully Loaded
2024-06-15 14:30:28,920:INFO:Initializing load_model()
2024-06-15 14:30:28,920:INFO:load_model(model_name=insurance_model, platform=None, authentication=None, verbose=True)
2024-06-15 14:30:28,940:WARNING:C:\Users\Pushpak Patil\AppData\Local\Programs\Python\Python310\lib\site-packages\pycaret\internal\pipeline.py:148: UserWarning: Version mismatch:
current: {'deps_info': {'pip': '24.0', 'setuptools': '65.5.0', 'pycaret': '3.3.2', 'IPython': '8.25.0', 'ipywidgets': '8.1.3', 'tqdm': '4.66.4', 'numpy': '1.26.4', 'pandas': '2.1.4', 'jinja2': '3.1.4', 'scipy': '1.11.4', 'joblib': '1.3.2', 'sklearn': '1.4.2', 'pyod': '2.0.0', 'imblearn': '0.12.3', 'category_encoders': '2.6.3', 'lightgbm': '4.4.0', 'numba': '0.60.0', 'requests': '2.32.3', 'matplotlib': '3.7.5', 'scikitplot': '0.3.7', 'yellowbrick': '1.5', 'plotly': '5.22.0', 'plotly-resampler': 'Not installed', 'kaleido': '0.2.1', 'schemdraw': '0.15', 'statsmodels': '0.14.2', 'sktime': '0.26.0', 'tbats': '1.1.3', 'pmdarima': '2.0.4', 'psutil': '5.9.8', 'markupsafe': '2.1.5', 'pickle5': 'Not installed', 'cloudpickle': '3.0.0', 'deprecation': '2.1.0', 'xxhash': '3.4.1', 'wurlitzer': 'Not installed'}, 'python': {'version': '3.10.11', 'machine': 'AMD64'}}
pickle: {'deps_info': {'pip': '23.2.1', 'setuptools': '68.0.0', 'pycaret': '3.3.2', 'IPython': '8.20.0', 'ipywidgets': '8.0.4', 'tqdm': '4.65.0', 'numpy': '1.26.3', 'pandas': '2.1.4', 'jinja2': '3.1.2', 'scipy': '1.11.4', 'joblib': '1.2.0', 'sklearn': '1.4.2', 'pyod': '2.0.0', 'imblearn': '0.12.3', 'category_encoders': '2.6.3', 'lightgbm': '4.3.0', 'numba': '0.58.1', 'requests': '2.31.0', 'matplotlib': '3.7.5', 'scikitplot': '0.3.7', 'yellowbrick': '1.5', 'plotly': '5.22.0', 'plotly-resampler': 'Not installed', 'kaleido': '0.2.1', 'schemdraw': '0.15', 'statsmodels': '0.14.0', 'sktime': '0.26.0', 'tbats': '1.1.3', 'pmdarima': '2.0.4', 'psutil': '5.9.0', 'markupsafe': '2.1.3', 'pickle5': 'Not installed', 'cloudpickle': '2.2.1', 'deprecation': '2.1.0', 'xxhash': '2.0.2', 'wurlitzer': 'Not installed'}, 'python': {'version': '3.11.4', 'machine': 'AMD64'}}
  warnings.warn(

2024-06-15 14:30:28,940:INFO:Transformation Pipeline and Model Successfully Loaded
2024-06-15 14:30:29,105:INFO:Initializing load_model()
2024-06-15 14:30:29,106:INFO:load_model(model_name=insurance_model, platform=None, authentication=None, verbose=True)
2024-06-15 14:30:29,126:WARNING:C:\Users\Pushpak Patil\AppData\Local\Programs\Python\Python310\lib\site-packages\pycaret\internal\pipeline.py:148: UserWarning: Version mismatch:
current: {'deps_info': {'pip': '24.0', 'setuptools': '65.5.0', 'pycaret': '3.3.2', 'IPython': '8.25.0', 'ipywidgets': '8.1.3', 'tqdm': '4.66.4', 'numpy': '1.26.4', 'pandas': '2.1.4', 'jinja2': '3.1.4', 'scipy': '1.11.4', 'joblib': '1.3.2', 'sklearn': '1.4.2', 'pyod': '2.0.0', 'imblearn': '0.12.3', 'category_encoders': '2.6.3', 'lightgbm': '4.4.0', 'numba': '0.60.0', 'requests': '2.32.3', 'matplotlib': '3.7.5', 'scikitplot': '0.3.7', 'yellowbrick': '1.5', 'plotly': '5.22.0', 'plotly-resampler': 'Not installed', 'kaleido': '0.2.1', 'schemdraw': '0.15', 'statsmodels': '0.14.2', 'sktime': '0.26.0', 'tbats': '1.1.3', 'pmdarima': '2.0.4', 'psutil': '5.9.8', 'markupsafe': '2.1.5', 'pickle5': 'Not installed', 'cloudpickle': '3.0.0', 'deprecation': '2.1.0', 'xxhash': '3.4.1', 'wurlitzer': 'Not installed'}, 'python': {'version': '3.10.11', 'machine': 'AMD64'}}
pickle: {'deps_info': {'pip': '23.2.1', 'setuptools': '68.0.0', 'pycaret': '3.3.2', 'IPython': '8.20.0', 'ipywidgets': '8.0.4', 'tqdm': '4.65.0', 'numpy': '1.26.3', 'pandas': '2.1.4', 'jinja2': '3.1.2', 'scipy': '1.11.4', 'joblib': '1.2.0', 'sklearn': '1.4.2', 'pyod': '2.0.0', 'imblearn': '0.12.3', 'category_encoders': '2.6.3', 'lightgbm': '4.3.0', 'numba': '0.58.1', 'requests': '2.31.0', 'matplotlib': '3.7.5', 'scikitplot': '0.3.7', 'yellowbrick': '1.5', 'plotly': '5.22.0', 'plotly-resampler': 'Not installed', 'kaleido': '0.2.1', 'schemdraw': '0.15', 'statsmodels': '0.14.0', 'sktime': '0.26.0', 'tbats': '1.1.3', 'pmdarima': '2.0.4', 'psutil': '5.9.0', 'markupsafe': '2.1.3', 'pickle5': 'Not installed', 'cloudpickle': '2.2.1', 'deprecation': '2.1.0', 'xxhash': '2.0.2', 'wurlitzer': 'Not installed'}, 'python': {'version': '3.11.4', 'machine': 'AMD64'}}
  warnings.warn(

2024-06-15 14:30:29,126:INFO:Transformation Pipeline and Model Successfully Loaded
2024-06-15 14:30:29,328:INFO:Initializing load_model()
2024-06-15 14:30:29,329:INFO:load_model(model_name=insurance_model, platform=None, authentication=None, verbose=True)
2024-06-15 14:30:29,347:WARNING:C:\Users\Pushpak Patil\AppData\Local\Programs\Python\Python310\lib\site-packages\pycaret\internal\pipeline.py:148: UserWarning: Version mismatch:
current: {'deps_info': {'pip': '24.0', 'setuptools': '65.5.0', 'pycaret': '3.3.2', 'IPython': '8.25.0', 'ipywidgets': '8.1.3', 'tqdm': '4.66.4', 'numpy': '1.26.4', 'pandas': '2.1.4', 'jinja2': '3.1.4', 'scipy': '1.11.4', 'joblib': '1.3.2', 'sklearn': '1.4.2', 'pyod': '2.0.0', 'imblearn': '0.12.3', 'category_encoders': '2.6.3', 'lightgbm': '4.4.0', 'numba': '0.60.0', 'requests': '2.32.3', 'matplotlib': '3.7.5', 'scikitplot': '0.3.7', 'yellowbrick': '1.5', 'plotly': '5.22.0', 'plotly-resampler': 'Not installed', 'kaleido': '0.2.1', 'schemdraw': '0.15', 'statsmodels': '0.14.2', 'sktime': '0.26.0', 'tbats': '1.1.3', 'pmdarima': '2.0.4', 'psutil': '5.9.8', 'markupsafe': '2.1.5', 'pickle5': 'Not installed', 'cloudpickle': '3.0.0', 'deprecation': '2.1.0', 'xxhash': '3.4.1', 'wurlitzer': 'Not installed'}, 'python': {'version': '3.10.11', 'machine': 'AMD64'}}
pickle: {'deps_info': {'pip': '23.2.1', 'setuptools': '68.0.0', 'pycaret': '3.3.2', 'IPython': '8.20.0', 'ipywidgets': '8.0.4', 'tqdm': '4.65.0', 'numpy': '1.26.3', 'pandas': '2.1.4', 'jinja2': '3.1.2', 'scipy': '1.11.4', 'joblib': '1.2.0', 'sklearn': '1.4.2', 'pyod': '2.0.0', 'imblearn': '0.12.3', 'category_encoders': '2.6.3', 'lightgbm': '4.3.0', 'numba': '0.58.1', 'requests': '2.31.0', 'matplotlib': '3.7.5', 'scikitplot': '0.3.7', 'yellowbrick': '1.5', 'plotly': '5.22.0', 'plotly-resampler': 'Not installed', 'kaleido': '0.2.1', 'schemdraw': '0.15', 'statsmodels': '0.14.0', 'sktime': '0.26.0', 'tbats': '1.1.3', 'pmdarima': '2.0.4', 'psutil': '5.9.0', 'markupsafe': '2.1.3', 'pickle5': 'Not installed', 'cloudpickle': '2.2.1', 'deprecation': '2.1.0', 'xxhash': '2.0.2', 'wurlitzer': 'Not installed'}, 'python': {'version': '3.11.4', 'machine': 'AMD64'}}
  warnings.warn(

2024-06-15 14:30:29,347:INFO:Transformation Pipeline and Model Successfully Loaded
2024-06-15 14:30:32,576:INFO:Initializing load_model()
2024-06-15 14:30:32,576:INFO:load_model(model_name=insurance_model, platform=None, authentication=None, verbose=True)
2024-06-15 14:30:32,595:WARNING:C:\Users\Pushpak Patil\AppData\Local\Programs\Python\Python310\lib\site-packages\pycaret\internal\pipeline.py:148: UserWarning: Version mismatch:
current: {'deps_info': {'pip': '24.0', 'setuptools': '65.5.0', 'pycaret': '3.3.2', 'IPython': '8.25.0', 'ipywidgets': '8.1.3', 'tqdm': '4.66.4', 'numpy': '1.26.4', 'pandas': '2.1.4', 'jinja2': '3.1.4', 'scipy': '1.11.4', 'joblib': '1.3.2', 'sklearn': '1.4.2', 'pyod': '2.0.0', 'imblearn': '0.12.3', 'category_encoders': '2.6.3', 'lightgbm': '4.4.0', 'numba': '0.60.0', 'requests': '2.32.3', 'matplotlib': '3.7.5', 'scikitplot': '0.3.7', 'yellowbrick': '1.5', 'plotly': '5.22.0', 'plotly-resampler': 'Not installed', 'kaleido': '0.2.1', 'schemdraw': '0.15', 'statsmodels': '0.14.2', 'sktime': '0.26.0', 'tbats': '1.1.3', 'pmdarima': '2.0.4', 'psutil': '5.9.8', 'markupsafe': '2.1.5', 'pickle5': 'Not installed', 'cloudpickle': '3.0.0', 'deprecation': '2.1.0', 'xxhash': '3.4.1', 'wurlitzer': 'Not installed'}, 'python': {'version': '3.10.11', 'machine': 'AMD64'}}
pickle: {'deps_info': {'pip': '23.2.1', 'setuptools': '68.0.0', 'pycaret': '3.3.2', 'IPython': '8.20.0', 'ipywidgets': '8.0.4', 'tqdm': '4.65.0', 'numpy': '1.26.3', 'pandas': '2.1.4', 'jinja2': '3.1.2', 'scipy': '1.11.4', 'joblib': '1.2.0', 'sklearn': '1.4.2', 'pyod': '2.0.0', 'imblearn': '0.12.3', 'category_encoders': '2.6.3', 'lightgbm': '4.3.0', 'numba': '0.58.1', 'requests': '2.31.0', 'matplotlib': '3.7.5', 'scikitplot': '0.3.7', 'yellowbrick': '1.5', 'plotly': '5.22.0', 'plotly-resampler': 'Not installed', 'kaleido': '0.2.1', 'schemdraw': '0.15', 'statsmodels': '0.14.0', 'sktime': '0.26.0', 'tbats': '1.1.3', 'pmdarima': '2.0.4', 'psutil': '5.9.0', 'markupsafe': '2.1.3', 'pickle5': 'Not installed', 'cloudpickle': '2.2.1', 'deprecation': '2.1.0', 'xxhash': '2.0.2', 'wurlitzer': 'Not installed'}, 'python': {'version': '3.11.4', 'machine': 'AMD64'}}
  warnings.warn(

2024-06-15 14:30:32,596:INFO:Transformation Pipeline and Model Successfully Loaded
2024-06-15 14:30:33,233:INFO:Initializing load_model()
2024-06-15 14:30:33,233:INFO:load_model(model_name=insurance_model, platform=None, authentication=None, verbose=True)
2024-06-15 14:30:33,248:WARNING:C:\Users\Pushpak Patil\AppData\Local\Programs\Python\Python310\lib\site-packages\pycaret\internal\pipeline.py:148: UserWarning: Version mismatch:
current: {'deps_info': {'pip': '24.0', 'setuptools': '65.5.0', 'pycaret': '3.3.2', 'IPython': '8.25.0', 'ipywidgets': '8.1.3', 'tqdm': '4.66.4', 'numpy': '1.26.4', 'pandas': '2.1.4', 'jinja2': '3.1.4', 'scipy': '1.11.4', 'joblib': '1.3.2', 'sklearn': '1.4.2', 'pyod': '2.0.0', 'imblearn': '0.12.3', 'category_encoders': '2.6.3', 'lightgbm': '4.4.0', 'numba': '0.60.0', 'requests': '2.32.3', 'matplotlib': '3.7.5', 'scikitplot': '0.3.7', 'yellowbrick': '1.5', 'plotly': '5.22.0', 'plotly-resampler': 'Not installed', 'kaleido': '0.2.1', 'schemdraw': '0.15', 'statsmodels': '0.14.2', 'sktime': '0.26.0', 'tbats': '1.1.3', 'pmdarima': '2.0.4', 'psutil': '5.9.8', 'markupsafe': '2.1.5', 'pickle5': 'Not installed', 'cloudpickle': '3.0.0', 'deprecation': '2.1.0', 'xxhash': '3.4.1', 'wurlitzer': 'Not installed'}, 'python': {'version': '3.10.11', 'machine': 'AMD64'}}
pickle: {'deps_info': {'pip': '23.2.1', 'setuptools': '68.0.0', 'pycaret': '3.3.2', 'IPython': '8.20.0', 'ipywidgets': '8.0.4', 'tqdm': '4.65.0', 'numpy': '1.26.3', 'pandas': '2.1.4', 'jinja2': '3.1.2', 'scipy': '1.11.4', 'joblib': '1.2.0', 'sklearn': '1.4.2', 'pyod': '2.0.0', 'imblearn': '0.12.3', 'category_encoders': '2.6.3', 'lightgbm': '4.3.0', 'numba': '0.58.1', 'requests': '2.31.0', 'matplotlib': '3.7.5', 'scikitplot': '0.3.7', 'yellowbrick': '1.5', 'plotly': '5.22.0', 'plotly-resampler': 'Not installed', 'kaleido': '0.2.1', 'schemdraw': '0.15', 'statsmodels': '0.14.0', 'sktime': '0.26.0', 'tbats': '1.1.3', 'pmdarima': '2.0.4', 'psutil': '5.9.0', 'markupsafe': '2.1.3', 'pickle5': 'Not installed', 'cloudpickle': '2.2.1', 'deprecation': '2.1.0', 'xxhash': '2.0.2', 'wurlitzer': 'Not installed'}, 'python': {'version': '3.11.4', 'machine': 'AMD64'}}
  warnings.warn(

2024-06-15 14:30:33,248:INFO:Transformation Pipeline and Model Successfully Loaded
2024-06-15 14:30:44,677:INFO:Initializing load_model()
2024-06-15 14:30:44,678:INFO:load_model(model_name=insurance_model, platform=None, authentication=None, verbose=True)
2024-06-15 14:30:44,698:WARNING:C:\Users\Pushpak Patil\AppData\Local\Programs\Python\Python310\lib\site-packages\pycaret\internal\pipeline.py:148: UserWarning: Version mismatch:
current: {'deps_info': {'pip': '24.0', 'setuptools': '65.5.0', 'pycaret': '3.3.2', 'IPython': '8.25.0', 'ipywidgets': '8.1.3', 'tqdm': '4.66.4', 'numpy': '1.26.4', 'pandas': '2.1.4', 'jinja2': '3.1.4', 'scipy': '1.11.4', 'joblib': '1.3.2', 'sklearn': '1.4.2', 'pyod': '2.0.0', 'imblearn': '0.12.3', 'category_encoders': '2.6.3', 'lightgbm': '4.4.0', 'numba': '0.60.0', 'requests': '2.32.3', 'matplotlib': '3.7.5', 'scikitplot': '0.3.7', 'yellowbrick': '1.5', 'plotly': '5.22.0', 'plotly-resampler': 'Not installed', 'kaleido': '0.2.1', 'schemdraw': '0.15', 'statsmodels': '0.14.2', 'sktime': '0.26.0', 'tbats': '1.1.3', 'pmdarima': '2.0.4', 'psutil': '5.9.8', 'markupsafe': '2.1.5', 'pickle5': 'Not installed', 'cloudpickle': '3.0.0', 'deprecation': '2.1.0', 'xxhash': '3.4.1', 'wurlitzer': 'Not installed'}, 'python': {'version': '3.10.11', 'machine': 'AMD64'}}
pickle: {'deps_info': {'pip': '23.2.1', 'setuptools': '68.0.0', 'pycaret': '3.3.2', 'IPython': '8.20.0', 'ipywidgets': '8.0.4', 'tqdm': '4.65.0', 'numpy': '1.26.3', 'pandas': '2.1.4', 'jinja2': '3.1.2', 'scipy': '1.11.4', 'joblib': '1.2.0', 'sklearn': '1.4.2', 'pyod': '2.0.0', 'imblearn': '0.12.3', 'category_encoders': '2.6.3', 'lightgbm': '4.3.0', 'numba': '0.58.1', 'requests': '2.31.0', 'matplotlib': '3.7.5', 'scikitplot': '0.3.7', 'yellowbrick': '1.5', 'plotly': '5.22.0', 'plotly-resampler': 'Not installed', 'kaleido': '0.2.1', 'schemdraw': '0.15', 'statsmodels': '0.14.0', 'sktime': '0.26.0', 'tbats': '1.1.3', 'pmdarima': '2.0.4', 'psutil': '5.9.0', 'markupsafe': '2.1.3', 'pickle5': 'Not installed', 'cloudpickle': '2.2.1', 'deprecation': '2.1.0', 'xxhash': '2.0.2', 'wurlitzer': 'Not installed'}, 'python': {'version': '3.11.4', 'machine': 'AMD64'}}
  warnings.warn(

2024-06-15 14:30:44,698:INFO:Transformation Pipeline and Model Successfully Loaded
2024-06-15 14:31:06,675:INFO:Initializing load_model()
2024-06-15 14:31:06,676:INFO:load_model(model_name=insurance_model, platform=None, authentication=None, verbose=True)
2024-06-15 14:31:06,690:WARNING:C:\Users\Pushpak Patil\AppData\Local\Programs\Python\Python310\lib\site-packages\pycaret\internal\pipeline.py:148: UserWarning: Version mismatch:
current: {'deps_info': {'pip': '24.0', 'setuptools': '65.5.0', 'pycaret': '3.3.2', 'IPython': '8.25.0', 'ipywidgets': '8.1.3', 'tqdm': '4.66.4', 'numpy': '1.26.4', 'pandas': '2.1.4', 'jinja2': '3.1.4', 'scipy': '1.11.4', 'joblib': '1.3.2', 'sklearn': '1.4.2', 'pyod': '2.0.0', 'imblearn': '0.12.3', 'category_encoders': '2.6.3', 'lightgbm': '4.4.0', 'numba': '0.60.0', 'requests': '2.32.3', 'matplotlib': '3.7.5', 'scikitplot': '0.3.7', 'yellowbrick': '1.5', 'plotly': '5.22.0', 'plotly-resampler': 'Not installed', 'kaleido': '0.2.1', 'schemdraw': '0.15', 'statsmodels': '0.14.2', 'sktime': '0.26.0', 'tbats': '1.1.3', 'pmdarima': '2.0.4', 'psutil': '5.9.8', 'markupsafe': '2.1.5', 'pickle5': 'Not installed', 'cloudpickle': '3.0.0', 'deprecation': '2.1.0', 'xxhash': '3.4.1', 'wurlitzer': 'Not installed'}, 'python': {'version': '3.10.11', 'machine': 'AMD64'}}
pickle: {'deps_info': {'pip': '23.2.1', 'setuptools': '68.0.0', 'pycaret': '3.3.2', 'IPython': '8.20.0', 'ipywidgets': '8.0.4', 'tqdm': '4.65.0', 'numpy': '1.26.3', 'pandas': '2.1.4', 'jinja2': '3.1.2', 'scipy': '1.11.4', 'joblib': '1.2.0', 'sklearn': '1.4.2', 'pyod': '2.0.0', 'imblearn': '0.12.3', 'category_encoders': '2.6.3', 'lightgbm': '4.3.0', 'numba': '0.58.1', 'requests': '2.31.0', 'matplotlib': '3.7.5', 'scikitplot': '0.3.7', 'yellowbrick': '1.5', 'plotly': '5.22.0', 'plotly-resampler': 'Not installed', 'kaleido': '0.2.1', 'schemdraw': '0.15', 'statsmodels': '0.14.0', 'sktime': '0.26.0', 'tbats': '1.1.3', 'pmdarima': '2.0.4', 'psutil': '5.9.0', 'markupsafe': '2.1.3', 'pickle5': 'Not installed', 'cloudpickle': '2.2.1', 'deprecation': '2.1.0', 'xxhash': '2.0.2', 'wurlitzer': 'Not installed'}, 'python': {'version': '3.11.4', 'machine': 'AMD64'}}
  warnings.warn(

2024-06-15 14:31:06,690:INFO:Transformation Pipeline and Model Successfully Loaded
2024-06-15 14:31:09,398:INFO:Initializing load_model()
2024-06-15 14:31:09,398:INFO:load_model(model_name=insurance_model, platform=None, authentication=None, verbose=True)
2024-06-15 14:31:09,411:WARNING:C:\Users\Pushpak Patil\AppData\Local\Programs\Python\Python310\lib\site-packages\pycaret\internal\pipeline.py:148: UserWarning: Version mismatch:
current: {'deps_info': {'pip': '24.0', 'setuptools': '65.5.0', 'pycaret': '3.3.2', 'IPython': '8.25.0', 'ipywidgets': '8.1.3', 'tqdm': '4.66.4', 'numpy': '1.26.4', 'pandas': '2.1.4', 'jinja2': '3.1.4', 'scipy': '1.11.4', 'joblib': '1.3.2', 'sklearn': '1.4.2', 'pyod': '2.0.0', 'imblearn': '0.12.3', 'category_encoders': '2.6.3', 'lightgbm': '4.4.0', 'numba': '0.60.0', 'requests': '2.32.3', 'matplotlib': '3.7.5', 'scikitplot': '0.3.7', 'yellowbrick': '1.5', 'plotly': '5.22.0', 'plotly-resampler': 'Not installed', 'kaleido': '0.2.1', 'schemdraw': '0.15', 'statsmodels': '0.14.2', 'sktime': '0.26.0', 'tbats': '1.1.3', 'pmdarima': '2.0.4', 'psutil': '5.9.8', 'markupsafe': '2.1.5', 'pickle5': 'Not installed', 'cloudpickle': '3.0.0', 'deprecation': '2.1.0', 'xxhash': '3.4.1', 'wurlitzer': 'Not installed'}, 'python': {'version': '3.10.11', 'machine': 'AMD64'}}
pickle: {'deps_info': {'pip': '23.2.1', 'setuptools': '68.0.0', 'pycaret': '3.3.2', 'IPython': '8.20.0', 'ipywidgets': '8.0.4', 'tqdm': '4.65.0', 'numpy': '1.26.3', 'pandas': '2.1.4', 'jinja2': '3.1.2', 'scipy': '1.11.4', 'joblib': '1.2.0', 'sklearn': '1.4.2', 'pyod': '2.0.0', 'imblearn': '0.12.3', 'category_encoders': '2.6.3', 'lightgbm': '4.3.0', 'numba': '0.58.1', 'requests': '2.31.0', 'matplotlib': '3.7.5', 'scikitplot': '0.3.7', 'yellowbrick': '1.5', 'plotly': '5.22.0', 'plotly-resampler': 'Not installed', 'kaleido': '0.2.1', 'schemdraw': '0.15', 'statsmodels': '0.14.0', 'sktime': '0.26.0', 'tbats': '1.1.3', 'pmdarima': '2.0.4', 'psutil': '5.9.0', 'markupsafe': '2.1.3', 'pickle5': 'Not installed', 'cloudpickle': '2.2.1', 'deprecation': '2.1.0', 'xxhash': '2.0.2', 'wurlitzer': 'Not installed'}, 'python': {'version': '3.11.4', 'machine': 'AMD64'}}
  warnings.warn(

2024-06-15 14:31:09,411:INFO:Transformation Pipeline and Model Successfully Loaded
2024-06-15 14:31:09,755:INFO:Initializing predict_model()
2024-06-15 14:31:09,755:INFO:predict_model(self=<pycaret.regression.oop.RegressionExperiment object at 0x000001A1B9A4E680>, estimator=Pipeline(memory=Memory(location=None),
         steps=[('numerical_imputer',
                 TransformerWrapper(include=['age', 'bmi', 'children'],
                                    transformer=SimpleImputer())),
                ('categorical_imputer',
                 TransformerWrapper(include=['sex', 'smoker', 'region'],
                                    transformer=SimpleImputer(strategy='most_frequent'))),
                ('ordinal_encoding',
                 TransformerWrapper(include=['sex', 'smoker'],
                                    transfor...
                ('polynomial_features',
                 TransformerWrapper(transformer=PolynomialFeatures(include_bias=False))),
                ('bin_numeric_features',
                 TransformerWrapper(include=['age', 'bmi'],
                                    transformer=KBinsDiscretizer(encode='ordinal',
                                                                 strategy='kmeans'))),
                ('normalize', TransformerWrapper(transformer=StandardScaler())),
                ('actual_estimator',
                 GradientBoostingRegressor(random_state=123))]), probability_threshold=None, encoded_labels=False, raw_score=False, round=4, verbose=True, ml_usecase=None, preprocess=True, encode_labels=<function _SupervisedExperiment.predict_model.<locals>.encode_labels at 0x000001A1DE753EB0>)
2024-06-15 14:31:09,755:INFO:Checking exceptions
2024-06-15 14:31:09,755:INFO:Preloading libraries
2024-06-15 14:31:09,756:INFO:Set up data.
2024-06-15 14:31:09,759:INFO:Set up index.
2024-06-15 14:31:15,706:INFO:Initializing load_model()
2024-06-15 14:31:15,706:INFO:load_model(model_name=insurance_model, platform=None, authentication=None, verbose=True)
2024-06-15 14:31:15,720:WARNING:C:\Users\Pushpak Patil\AppData\Local\Programs\Python\Python310\lib\site-packages\pycaret\internal\pipeline.py:148: UserWarning: Version mismatch:
current: {'deps_info': {'pip': '24.0', 'setuptools': '65.5.0', 'pycaret': '3.3.2', 'IPython': '8.25.0', 'ipywidgets': '8.1.3', 'tqdm': '4.66.4', 'numpy': '1.26.4', 'pandas': '2.1.4', 'jinja2': '3.1.4', 'scipy': '1.11.4', 'joblib': '1.3.2', 'sklearn': '1.4.2', 'pyod': '2.0.0', 'imblearn': '0.12.3', 'category_encoders': '2.6.3', 'lightgbm': '4.4.0', 'numba': '0.60.0', 'requests': '2.32.3', 'matplotlib': '3.7.5', 'scikitplot': '0.3.7', 'yellowbrick': '1.5', 'plotly': '5.22.0', 'plotly-resampler': 'Not installed', 'kaleido': '0.2.1', 'schemdraw': '0.15', 'statsmodels': '0.14.2', 'sktime': '0.26.0', 'tbats': '1.1.3', 'pmdarima': '2.0.4', 'psutil': '5.9.8', 'markupsafe': '2.1.5', 'pickle5': 'Not installed', 'cloudpickle': '3.0.0', 'deprecation': '2.1.0', 'xxhash': '3.4.1', 'wurlitzer': 'Not installed'}, 'python': {'version': '3.10.11', 'machine': 'AMD64'}}
pickle: {'deps_info': {'pip': '23.2.1', 'setuptools': '68.0.0', 'pycaret': '3.3.2', 'IPython': '8.20.0', 'ipywidgets': '8.0.4', 'tqdm': '4.65.0', 'numpy': '1.26.3', 'pandas': '2.1.4', 'jinja2': '3.1.2', 'scipy': '1.11.4', 'joblib': '1.2.0', 'sklearn': '1.4.2', 'pyod': '2.0.0', 'imblearn': '0.12.3', 'category_encoders': '2.6.3', 'lightgbm': '4.3.0', 'numba': '0.58.1', 'requests': '2.31.0', 'matplotlib': '3.7.5', 'scikitplot': '0.3.7', 'yellowbrick': '1.5', 'plotly': '5.22.0', 'plotly-resampler': 'Not installed', 'kaleido': '0.2.1', 'schemdraw': '0.15', 'statsmodels': '0.14.0', 'sktime': '0.26.0', 'tbats': '1.1.3', 'pmdarima': '2.0.4', 'psutil': '5.9.0', 'markupsafe': '2.1.3', 'pickle5': 'Not installed', 'cloudpickle': '2.2.1', 'deprecation': '2.1.0', 'xxhash': '2.0.2', 'wurlitzer': 'Not installed'}, 'python': {'version': '3.11.4', 'machine': 'AMD64'}}
  warnings.warn(

2024-06-15 14:31:15,720:INFO:Transformation Pipeline and Model Successfully Loaded
2024-06-15 14:31:17,078:INFO:Initializing load_model()
2024-06-15 14:31:17,078:INFO:load_model(model_name=insurance_model, platform=None, authentication=None, verbose=True)
2024-06-15 14:31:17,088:WARNING:C:\Users\Pushpak Patil\AppData\Local\Programs\Python\Python310\lib\site-packages\pycaret\internal\pipeline.py:148: UserWarning: Version mismatch:
current: {'deps_info': {'pip': '24.0', 'setuptools': '65.5.0', 'pycaret': '3.3.2', 'IPython': '8.25.0', 'ipywidgets': '8.1.3', 'tqdm': '4.66.4', 'numpy': '1.26.4', 'pandas': '2.1.4', 'jinja2': '3.1.4', 'scipy': '1.11.4', 'joblib': '1.3.2', 'sklearn': '1.4.2', 'pyod': '2.0.0', 'imblearn': '0.12.3', 'category_encoders': '2.6.3', 'lightgbm': '4.4.0', 'numba': '0.60.0', 'requests': '2.32.3', 'matplotlib': '3.7.5', 'scikitplot': '0.3.7', 'yellowbrick': '1.5', 'plotly': '5.22.0', 'plotly-resampler': 'Not installed', 'kaleido': '0.2.1', 'schemdraw': '0.15', 'statsmodels': '0.14.2', 'sktime': '0.26.0', 'tbats': '1.1.3', 'pmdarima': '2.0.4', 'psutil': '5.9.8', 'markupsafe': '2.1.5', 'pickle5': 'Not installed', 'cloudpickle': '3.0.0', 'deprecation': '2.1.0', 'xxhash': '3.4.1', 'wurlitzer': 'Not installed'}, 'python': {'version': '3.10.11', 'machine': 'AMD64'}}
pickle: {'deps_info': {'pip': '23.2.1', 'setuptools': '68.0.0', 'pycaret': '3.3.2', 'IPython': '8.20.0', 'ipywidgets': '8.0.4', 'tqdm': '4.65.0', 'numpy': '1.26.3', 'pandas': '2.1.4', 'jinja2': '3.1.2', 'scipy': '1.11.4', 'joblib': '1.2.0', 'sklearn': '1.4.2', 'pyod': '2.0.0', 'imblearn': '0.12.3', 'category_encoders': '2.6.3', 'lightgbm': '4.3.0', 'numba': '0.58.1', 'requests': '2.31.0', 'matplotlib': '3.7.5', 'scikitplot': '0.3.7', 'yellowbrick': '1.5', 'plotly': '5.22.0', 'plotly-resampler': 'Not installed', 'kaleido': '0.2.1', 'schemdraw': '0.15', 'statsmodels': '0.14.0', 'sktime': '0.26.0', 'tbats': '1.1.3', 'pmdarima': '2.0.4', 'psutil': '5.9.0', 'markupsafe': '2.1.3', 'pickle5': 'Not installed', 'cloudpickle': '2.2.1', 'deprecation': '2.1.0', 'xxhash': '2.0.2', 'wurlitzer': 'Not installed'}, 'python': {'version': '3.11.4', 'machine': 'AMD64'}}
  warnings.warn(

2024-06-15 14:31:17,089:INFO:Transformation Pipeline and Model Successfully Loaded
2024-06-15 14:31:17,412:INFO:Initializing predict_model()
2024-06-15 14:31:17,412:INFO:predict_model(self=<pycaret.regression.oop.RegressionExperiment object at 0x000001A1B9A4FEE0>, estimator=Pipeline(memory=Memory(location=None),
         steps=[('numerical_imputer',
                 TransformerWrapper(include=['age', 'bmi', 'children'],
                                    transformer=SimpleImputer())),
                ('categorical_imputer',
                 TransformerWrapper(include=['sex', 'smoker', 'region'],
                                    transformer=SimpleImputer(strategy='most_frequent'))),
                ('ordinal_encoding',
                 TransformerWrapper(include=['sex', 'smoker'],
                                    transfor...
                ('polynomial_features',
                 TransformerWrapper(transformer=PolynomialFeatures(include_bias=False))),
                ('bin_numeric_features',
                 TransformerWrapper(include=['age', 'bmi'],
                                    transformer=KBinsDiscretizer(encode='ordinal',
                                                                 strategy='kmeans'))),
                ('normalize', TransformerWrapper(transformer=StandardScaler())),
                ('actual_estimator',
                 GradientBoostingRegressor(random_state=123))]), probability_threshold=None, encoded_labels=False, raw_score=False, round=4, verbose=True, ml_usecase=None, preprocess=True, encode_labels=<function _SupervisedExperiment.predict_model.<locals>.encode_labels at 0x000001A1DE81FD00>)
2024-06-15 14:31:17,413:INFO:Checking exceptions
2024-06-15 14:31:17,413:INFO:Preloading libraries
2024-06-15 14:31:17,413:INFO:Set up data.
2024-06-15 14:31:17,415:INFO:Set up index.
2024-06-15 14:31:20,037:INFO:Initializing load_model()
2024-06-15 14:31:20,038:INFO:load_model(model_name=insurance_model, platform=None, authentication=None, verbose=True)
2024-06-15 14:31:20,053:WARNING:C:\Users\Pushpak Patil\AppData\Local\Programs\Python\Python310\lib\site-packages\pycaret\internal\pipeline.py:148: UserWarning: Version mismatch:
current: {'deps_info': {'pip': '24.0', 'setuptools': '65.5.0', 'pycaret': '3.3.2', 'IPython': '8.25.0', 'ipywidgets': '8.1.3', 'tqdm': '4.66.4', 'numpy': '1.26.4', 'pandas': '2.1.4', 'jinja2': '3.1.4', 'scipy': '1.11.4', 'joblib': '1.3.2', 'sklearn': '1.4.2', 'pyod': '2.0.0', 'imblearn': '0.12.3', 'category_encoders': '2.6.3', 'lightgbm': '4.4.0', 'numba': '0.60.0', 'requests': '2.32.3', 'matplotlib': '3.7.5', 'scikitplot': '0.3.7', 'yellowbrick': '1.5', 'plotly': '5.22.0', 'plotly-resampler': 'Not installed', 'kaleido': '0.2.1', 'schemdraw': '0.15', 'statsmodels': '0.14.2', 'sktime': '0.26.0', 'tbats': '1.1.3', 'pmdarima': '2.0.4', 'psutil': '5.9.8', 'markupsafe': '2.1.5', 'pickle5': 'Not installed', 'cloudpickle': '3.0.0', 'deprecation': '2.1.0', 'xxhash': '3.4.1', 'wurlitzer': 'Not installed'}, 'python': {'version': '3.10.11', 'machine': 'AMD64'}}
pickle: {'deps_info': {'pip': '23.2.1', 'setuptools': '68.0.0', 'pycaret': '3.3.2', 'IPython': '8.20.0', 'ipywidgets': '8.0.4', 'tqdm': '4.65.0', 'numpy': '1.26.3', 'pandas': '2.1.4', 'jinja2': '3.1.2', 'scipy': '1.11.4', 'joblib': '1.2.0', 'sklearn': '1.4.2', 'pyod': '2.0.0', 'imblearn': '0.12.3', 'category_encoders': '2.6.3', 'lightgbm': '4.3.0', 'numba': '0.58.1', 'requests': '2.31.0', 'matplotlib': '3.7.5', 'scikitplot': '0.3.7', 'yellowbrick': '1.5', 'plotly': '5.22.0', 'plotly-resampler': 'Not installed', 'kaleido': '0.2.1', 'schemdraw': '0.15', 'statsmodels': '0.14.0', 'sktime': '0.26.0', 'tbats': '1.1.3', 'pmdarima': '2.0.4', 'psutil': '5.9.0', 'markupsafe': '2.1.3', 'pickle5': 'Not installed', 'cloudpickle': '2.2.1', 'deprecation': '2.1.0', 'xxhash': '2.0.2', 'wurlitzer': 'Not installed'}, 'python': {'version': '3.11.4', 'machine': 'AMD64'}}
  warnings.warn(

2024-06-15 14:31:20,053:INFO:Transformation Pipeline and Model Successfully Loaded
2024-06-15 14:31:21,591:INFO:Initializing load_model()
2024-06-15 14:31:21,591:INFO:load_model(model_name=insurance_model, platform=None, authentication=None, verbose=True)
2024-06-15 14:31:21,599:WARNING:C:\Users\Pushpak Patil\AppData\Local\Programs\Python\Python310\lib\site-packages\pycaret\internal\pipeline.py:148: UserWarning: Version mismatch:
current: {'deps_info': {'pip': '24.0', 'setuptools': '65.5.0', 'pycaret': '3.3.2', 'IPython': '8.25.0', 'ipywidgets': '8.1.3', 'tqdm': '4.66.4', 'numpy': '1.26.4', 'pandas': '2.1.4', 'jinja2': '3.1.4', 'scipy': '1.11.4', 'joblib': '1.3.2', 'sklearn': '1.4.2', 'pyod': '2.0.0', 'imblearn': '0.12.3', 'category_encoders': '2.6.3', 'lightgbm': '4.4.0', 'numba': '0.60.0', 'requests': '2.32.3', 'matplotlib': '3.7.5', 'scikitplot': '0.3.7', 'yellowbrick': '1.5', 'plotly': '5.22.0', 'plotly-resampler': 'Not installed', 'kaleido': '0.2.1', 'schemdraw': '0.15', 'statsmodels': '0.14.2', 'sktime': '0.26.0', 'tbats': '1.1.3', 'pmdarima': '2.0.4', 'psutil': '5.9.8', 'markupsafe': '2.1.5', 'pickle5': 'Not installed', 'cloudpickle': '3.0.0', 'deprecation': '2.1.0', 'xxhash': '3.4.1', 'wurlitzer': 'Not installed'}, 'python': {'version': '3.10.11', 'machine': 'AMD64'}}
pickle: {'deps_info': {'pip': '23.2.1', 'setuptools': '68.0.0', 'pycaret': '3.3.2', 'IPython': '8.20.0', 'ipywidgets': '8.0.4', 'tqdm': '4.65.0', 'numpy': '1.26.3', 'pandas': '2.1.4', 'jinja2': '3.1.2', 'scipy': '1.11.4', 'joblib': '1.2.0', 'sklearn': '1.4.2', 'pyod': '2.0.0', 'imblearn': '0.12.3', 'category_encoders': '2.6.3', 'lightgbm': '4.3.0', 'numba': '0.58.1', 'requests': '2.31.0', 'matplotlib': '3.7.5', 'scikitplot': '0.3.7', 'yellowbrick': '1.5', 'plotly': '5.22.0', 'plotly-resampler': 'Not installed', 'kaleido': '0.2.1', 'schemdraw': '0.15', 'statsmodels': '0.14.0', 'sktime': '0.26.0', 'tbats': '1.1.3', 'pmdarima': '2.0.4', 'psutil': '5.9.0', 'markupsafe': '2.1.3', 'pickle5': 'Not installed', 'cloudpickle': '2.2.1', 'deprecation': '2.1.0', 'xxhash': '2.0.2', 'wurlitzer': 'Not installed'}, 'python': {'version': '3.11.4', 'machine': 'AMD64'}}
  warnings.warn(

2024-06-15 14:31:21,600:INFO:Transformation Pipeline and Model Successfully Loaded
2024-06-15 14:31:21,842:INFO:Initializing predict_model()
2024-06-15 14:31:21,842:INFO:predict_model(self=<pycaret.regression.oop.RegressionExperiment object at 0x000001A1DE564640>, estimator=Pipeline(memory=Memory(location=None),
         steps=[('numerical_imputer',
                 TransformerWrapper(include=['age', 'bmi', 'children'],
                                    transformer=SimpleImputer())),
                ('categorical_imputer',
                 TransformerWrapper(include=['sex', 'smoker', 'region'],
                                    transformer=SimpleImputer(strategy='most_frequent'))),
                ('ordinal_encoding',
                 TransformerWrapper(include=['sex', 'smoker'],
                                    transfor...
                ('polynomial_features',
                 TransformerWrapper(transformer=PolynomialFeatures(include_bias=False))),
                ('bin_numeric_features',
                 TransformerWrapper(include=['age', 'bmi'],
                                    transformer=KBinsDiscretizer(encode='ordinal',
                                                                 strategy='kmeans'))),
                ('normalize', TransformerWrapper(transformer=StandardScaler())),
                ('actual_estimator',
                 GradientBoostingRegressor(random_state=123))]), probability_threshold=None, encoded_labels=False, raw_score=False, round=4, verbose=True, ml_usecase=None, preprocess=True, encode_labels=<function _SupervisedExperiment.predict_model.<locals>.encode_labels at 0x000001A1DE81FD00>)
2024-06-15 14:31:21,842:INFO:Checking exceptions
2024-06-15 14:31:21,842:INFO:Preloading libraries
2024-06-15 14:31:21,842:INFO:Set up data.
2024-06-15 14:31:21,848:INFO:Set up index.
2024-06-15 14:31:24,732:INFO:Initializing load_model()
2024-06-15 14:31:24,733:INFO:load_model(model_name=insurance_model, platform=None, authentication=None, verbose=True)
2024-06-15 14:31:24,748:WARNING:C:\Users\Pushpak Patil\AppData\Local\Programs\Python\Python310\lib\site-packages\pycaret\internal\pipeline.py:148: UserWarning: Version mismatch:
current: {'deps_info': {'pip': '24.0', 'setuptools': '65.5.0', 'pycaret': '3.3.2', 'IPython': '8.25.0', 'ipywidgets': '8.1.3', 'tqdm': '4.66.4', 'numpy': '1.26.4', 'pandas': '2.1.4', 'jinja2': '3.1.4', 'scipy': '1.11.4', 'joblib': '1.3.2', 'sklearn': '1.4.2', 'pyod': '2.0.0', 'imblearn': '0.12.3', 'category_encoders': '2.6.3', 'lightgbm': '4.4.0', 'numba': '0.60.0', 'requests': '2.32.3', 'matplotlib': '3.7.5', 'scikitplot': '0.3.7', 'yellowbrick': '1.5', 'plotly': '5.22.0', 'plotly-resampler': 'Not installed', 'kaleido': '0.2.1', 'schemdraw': '0.15', 'statsmodels': '0.14.2', 'sktime': '0.26.0', 'tbats': '1.1.3', 'pmdarima': '2.0.4', 'psutil': '5.9.8', 'markupsafe': '2.1.5', 'pickle5': 'Not installed', 'cloudpickle': '3.0.0', 'deprecation': '2.1.0', 'xxhash': '3.4.1', 'wurlitzer': 'Not installed'}, 'python': {'version': '3.10.11', 'machine': 'AMD64'}}
pickle: {'deps_info': {'pip': '23.2.1', 'setuptools': '68.0.0', 'pycaret': '3.3.2', 'IPython': '8.20.0', 'ipywidgets': '8.0.4', 'tqdm': '4.65.0', 'numpy': '1.26.3', 'pandas': '2.1.4', 'jinja2': '3.1.2', 'scipy': '1.11.4', 'joblib': '1.2.0', 'sklearn': '1.4.2', 'pyod': '2.0.0', 'imblearn': '0.12.3', 'category_encoders': '2.6.3', 'lightgbm': '4.3.0', 'numba': '0.58.1', 'requests': '2.31.0', 'matplotlib': '3.7.5', 'scikitplot': '0.3.7', 'yellowbrick': '1.5', 'plotly': '5.22.0', 'plotly-resampler': 'Not installed', 'kaleido': '0.2.1', 'schemdraw': '0.15', 'statsmodels': '0.14.0', 'sktime': '0.26.0', 'tbats': '1.1.3', 'pmdarima': '2.0.4', 'psutil': '5.9.0', 'markupsafe': '2.1.3', 'pickle5': 'Not installed', 'cloudpickle': '2.2.1', 'deprecation': '2.1.0', 'xxhash': '2.0.2', 'wurlitzer': 'Not installed'}, 'python': {'version': '3.11.4', 'machine': 'AMD64'}}
  warnings.warn(

2024-06-15 14:31:24,748:INFO:Transformation Pipeline and Model Successfully Loaded
2024-06-15 14:31:24,903:INFO:Initializing load_model()
2024-06-15 14:31:24,905:INFO:load_model(model_name=insurance_model, platform=None, authentication=None, verbose=True)
2024-06-15 14:31:24,915:WARNING:C:\Users\Pushpak Patil\AppData\Local\Programs\Python\Python310\lib\site-packages\pycaret\internal\pipeline.py:148: UserWarning: Version mismatch:
current: {'deps_info': {'pip': '24.0', 'setuptools': '65.5.0', 'pycaret': '3.3.2', 'IPython': '8.25.0', 'ipywidgets': '8.1.3', 'tqdm': '4.66.4', 'numpy': '1.26.4', 'pandas': '2.1.4', 'jinja2': '3.1.4', 'scipy': '1.11.4', 'joblib': '1.3.2', 'sklearn': '1.4.2', 'pyod': '2.0.0', 'imblearn': '0.12.3', 'category_encoders': '2.6.3', 'lightgbm': '4.4.0', 'numba': '0.60.0', 'requests': '2.32.3', 'matplotlib': '3.7.5', 'scikitplot': '0.3.7', 'yellowbrick': '1.5', 'plotly': '5.22.0', 'plotly-resampler': 'Not installed', 'kaleido': '0.2.1', 'schemdraw': '0.15', 'statsmodels': '0.14.2', 'sktime': '0.26.0', 'tbats': '1.1.3', 'pmdarima': '2.0.4', 'psutil': '5.9.8', 'markupsafe': '2.1.5', 'pickle5': 'Not installed', 'cloudpickle': '3.0.0', 'deprecation': '2.1.0', 'xxhash': '3.4.1', 'wurlitzer': 'Not installed'}, 'python': {'version': '3.10.11', 'machine': 'AMD64'}}
pickle: {'deps_info': {'pip': '23.2.1', 'setuptools': '68.0.0', 'pycaret': '3.3.2', 'IPython': '8.20.0', 'ipywidgets': '8.0.4', 'tqdm': '4.65.0', 'numpy': '1.26.3', 'pandas': '2.1.4', 'jinja2': '3.1.2', 'scipy': '1.11.4', 'joblib': '1.2.0', 'sklearn': '1.4.2', 'pyod': '2.0.0', 'imblearn': '0.12.3', 'category_encoders': '2.6.3', 'lightgbm': '4.3.0', 'numba': '0.58.1', 'requests': '2.31.0', 'matplotlib': '3.7.5', 'scikitplot': '0.3.7', 'yellowbrick': '1.5', 'plotly': '5.22.0', 'plotly-resampler': 'Not installed', 'kaleido': '0.2.1', 'schemdraw': '0.15', 'statsmodels': '0.14.0', 'sktime': '0.26.0', 'tbats': '1.1.3', 'pmdarima': '2.0.4', 'psutil': '5.9.0', 'markupsafe': '2.1.3', 'pickle5': 'Not installed', 'cloudpickle': '2.2.1', 'deprecation': '2.1.0', 'xxhash': '2.0.2', 'wurlitzer': 'Not installed'}, 'python': {'version': '3.11.4', 'machine': 'AMD64'}}
  warnings.warn(

2024-06-15 14:31:24,915:INFO:Transformation Pipeline and Model Successfully Loaded
2024-06-15 14:31:25,152:INFO:Initializing load_model()
2024-06-15 14:31:25,152:INFO:load_model(model_name=insurance_model, platform=None, authentication=None, verbose=True)
2024-06-15 14:31:25,161:WARNING:C:\Users\Pushpak Patil\AppData\Local\Programs\Python\Python310\lib\site-packages\pycaret\internal\pipeline.py:148: UserWarning: Version mismatch:
current: {'deps_info': {'pip': '24.0', 'setuptools': '65.5.0', 'pycaret': '3.3.2', 'IPython': '8.25.0', 'ipywidgets': '8.1.3', 'tqdm': '4.66.4', 'numpy': '1.26.4', 'pandas': '2.1.4', 'jinja2': '3.1.4', 'scipy': '1.11.4', 'joblib': '1.3.2', 'sklearn': '1.4.2', 'pyod': '2.0.0', 'imblearn': '0.12.3', 'category_encoders': '2.6.3', 'lightgbm': '4.4.0', 'numba': '0.60.0', 'requests': '2.32.3', 'matplotlib': '3.7.5', 'scikitplot': '0.3.7', 'yellowbrick': '1.5', 'plotly': '5.22.0', 'plotly-resampler': 'Not installed', 'kaleido': '0.2.1', 'schemdraw': '0.15', 'statsmodels': '0.14.2', 'sktime': '0.26.0', 'tbats': '1.1.3', 'pmdarima': '2.0.4', 'psutil': '5.9.8', 'markupsafe': '2.1.5', 'pickle5': 'Not installed', 'cloudpickle': '3.0.0', 'deprecation': '2.1.0', 'xxhash': '3.4.1', 'wurlitzer': 'Not installed'}, 'python': {'version': '3.10.11', 'machine': 'AMD64'}}
pickle: {'deps_info': {'pip': '23.2.1', 'setuptools': '68.0.0', 'pycaret': '3.3.2', 'IPython': '8.20.0', 'ipywidgets': '8.0.4', 'tqdm': '4.65.0', 'numpy': '1.26.3', 'pandas': '2.1.4', 'jinja2': '3.1.2', 'scipy': '1.11.4', 'joblib': '1.2.0', 'sklearn': '1.4.2', 'pyod': '2.0.0', 'imblearn': '0.12.3', 'category_encoders': '2.6.3', 'lightgbm': '4.3.0', 'numba': '0.58.1', 'requests': '2.31.0', 'matplotlib': '3.7.5', 'scikitplot': '0.3.7', 'yellowbrick': '1.5', 'plotly': '5.22.0', 'plotly-resampler': 'Not installed', 'kaleido': '0.2.1', 'schemdraw': '0.15', 'statsmodels': '0.14.0', 'sktime': '0.26.0', 'tbats': '1.1.3', 'pmdarima': '2.0.4', 'psutil': '5.9.0', 'markupsafe': '2.1.3', 'pickle5': 'Not installed', 'cloudpickle': '2.2.1', 'deprecation': '2.1.0', 'xxhash': '2.0.2', 'wurlitzer': 'Not installed'}, 'python': {'version': '3.11.4', 'machine': 'AMD64'}}
  warnings.warn(

2024-06-15 14:31:25,163:INFO:Transformation Pipeline and Model Successfully Loaded
2024-06-15 14:31:25,441:INFO:Initializing load_model()
2024-06-15 14:31:25,441:INFO:load_model(model_name=insurance_model, platform=None, authentication=None, verbose=True)
2024-06-15 14:31:25,468:WARNING:C:\Users\Pushpak Patil\AppData\Local\Programs\Python\Python310\lib\site-packages\pycaret\internal\pipeline.py:148: UserWarning: Version mismatch:
current: {'deps_info': {'pip': '24.0', 'setuptools': '65.5.0', 'pycaret': '3.3.2', 'IPython': '8.25.0', 'ipywidgets': '8.1.3', 'tqdm': '4.66.4', 'numpy': '1.26.4', 'pandas': '2.1.4', 'jinja2': '3.1.4', 'scipy': '1.11.4', 'joblib': '1.3.2', 'sklearn': '1.4.2', 'pyod': '2.0.0', 'imblearn': '0.12.3', 'category_encoders': '2.6.3', 'lightgbm': '4.4.0', 'numba': '0.60.0', 'requests': '2.32.3', 'matplotlib': '3.7.5', 'scikitplot': '0.3.7', 'yellowbrick': '1.5', 'plotly': '5.22.0', 'plotly-resampler': 'Not installed', 'kaleido': '0.2.1', 'schemdraw': '0.15', 'statsmodels': '0.14.2', 'sktime': '0.26.0', 'tbats': '1.1.3', 'pmdarima': '2.0.4', 'psutil': '5.9.8', 'markupsafe': '2.1.5', 'pickle5': 'Not installed', 'cloudpickle': '3.0.0', 'deprecation': '2.1.0', 'xxhash': '3.4.1', 'wurlitzer': 'Not installed'}, 'python': {'version': '3.10.11', 'machine': 'AMD64'}}
pickle: {'deps_info': {'pip': '23.2.1', 'setuptools': '68.0.0', 'pycaret': '3.3.2', 'IPython': '8.20.0', 'ipywidgets': '8.0.4', 'tqdm': '4.65.0', 'numpy': '1.26.3', 'pandas': '2.1.4', 'jinja2': '3.1.2', 'scipy': '1.11.4', 'joblib': '1.2.0', 'sklearn': '1.4.2', 'pyod': '2.0.0', 'imblearn': '0.12.3', 'category_encoders': '2.6.3', 'lightgbm': '4.3.0', 'numba': '0.58.1', 'requests': '2.31.0', 'matplotlib': '3.7.5', 'scikitplot': '0.3.7', 'yellowbrick': '1.5', 'plotly': '5.22.0', 'plotly-resampler': 'Not installed', 'kaleido': '0.2.1', 'schemdraw': '0.15', 'statsmodels': '0.14.0', 'sktime': '0.26.0', 'tbats': '1.1.3', 'pmdarima': '2.0.4', 'psutil': '5.9.0', 'markupsafe': '2.1.3', 'pickle5': 'Not installed', 'cloudpickle': '2.2.1', 'deprecation': '2.1.0', 'xxhash': '2.0.2', 'wurlitzer': 'Not installed'}, 'python': {'version': '3.11.4', 'machine': 'AMD64'}}
  warnings.warn(

2024-06-15 14:31:25,469:INFO:Transformation Pipeline and Model Successfully Loaded
2024-06-15 14:31:26,862:INFO:Initializing load_model()
2024-06-15 14:31:26,862:INFO:load_model(model_name=insurance_model, platform=None, authentication=None, verbose=True)
2024-06-15 14:31:26,877:WARNING:C:\Users\Pushpak Patil\AppData\Local\Programs\Python\Python310\lib\site-packages\pycaret\internal\pipeline.py:148: UserWarning: Version mismatch:
current: {'deps_info': {'pip': '24.0', 'setuptools': '65.5.0', 'pycaret': '3.3.2', 'IPython': '8.25.0', 'ipywidgets': '8.1.3', 'tqdm': '4.66.4', 'numpy': '1.26.4', 'pandas': '2.1.4', 'jinja2': '3.1.4', 'scipy': '1.11.4', 'joblib': '1.3.2', 'sklearn': '1.4.2', 'pyod': '2.0.0', 'imblearn': '0.12.3', 'category_encoders': '2.6.3', 'lightgbm': '4.4.0', 'numba': '0.60.0', 'requests': '2.32.3', 'matplotlib': '3.7.5', 'scikitplot': '0.3.7', 'yellowbrick': '1.5', 'plotly': '5.22.0', 'plotly-resampler': 'Not installed', 'kaleido': '0.2.1', 'schemdraw': '0.15', 'statsmodels': '0.14.2', 'sktime': '0.26.0', 'tbats': '1.1.3', 'pmdarima': '2.0.4', 'psutil': '5.9.8', 'markupsafe': '2.1.5', 'pickle5': 'Not installed', 'cloudpickle': '3.0.0', 'deprecation': '2.1.0', 'xxhash': '3.4.1', 'wurlitzer': 'Not installed'}, 'python': {'version': '3.10.11', 'machine': 'AMD64'}}
pickle: {'deps_info': {'pip': '23.2.1', 'setuptools': '68.0.0', 'pycaret': '3.3.2', 'IPython': '8.20.0', 'ipywidgets': '8.0.4', 'tqdm': '4.65.0', 'numpy': '1.26.3', 'pandas': '2.1.4', 'jinja2': '3.1.2', 'scipy': '1.11.4', 'joblib': '1.2.0', 'sklearn': '1.4.2', 'pyod': '2.0.0', 'imblearn': '0.12.3', 'category_encoders': '2.6.3', 'lightgbm': '4.3.0', 'numba': '0.58.1', 'requests': '2.31.0', 'matplotlib': '3.7.5', 'scikitplot': '0.3.7', 'yellowbrick': '1.5', 'plotly': '5.22.0', 'plotly-resampler': 'Not installed', 'kaleido': '0.2.1', 'schemdraw': '0.15', 'statsmodels': '0.14.0', 'sktime': '0.26.0', 'tbats': '1.1.3', 'pmdarima': '2.0.4', 'psutil': '5.9.0', 'markupsafe': '2.1.3', 'pickle5': 'Not installed', 'cloudpickle': '2.2.1', 'deprecation': '2.1.0', 'xxhash': '2.0.2', 'wurlitzer': 'Not installed'}, 'python': {'version': '3.11.4', 'machine': 'AMD64'}}
  warnings.warn(

2024-06-15 14:31:26,877:INFO:Transformation Pipeline and Model Successfully Loaded
2024-06-15 14:31:27,174:INFO:Initializing predict_model()
2024-06-15 14:31:27,174:INFO:predict_model(self=<pycaret.regression.oop.RegressionExperiment object at 0x000001A1C9AC3400>, estimator=Pipeline(memory=Memory(location=None),
         steps=[('numerical_imputer',
                 TransformerWrapper(include=['age', 'bmi', 'children'],
                                    transformer=SimpleImputer())),
                ('categorical_imputer',
                 TransformerWrapper(include=['sex', 'smoker', 'region'],
                                    transformer=SimpleImputer(strategy='most_frequent'))),
                ('ordinal_encoding',
                 TransformerWrapper(include=['sex', 'smoker'],
                                    transfor...
                ('polynomial_features',
                 TransformerWrapper(transformer=PolynomialFeatures(include_bias=False))),
                ('bin_numeric_features',
                 TransformerWrapper(include=['age', 'bmi'],
                                    transformer=KBinsDiscretizer(encode='ordinal',
                                                                 strategy='kmeans'))),
                ('normalize', TransformerWrapper(transformer=StandardScaler())),
                ('actual_estimator',
                 GradientBoostingRegressor(random_state=123))]), probability_threshold=None, encoded_labels=False, raw_score=False, round=4, verbose=True, ml_usecase=None, preprocess=True, encode_labels=<function _SupervisedExperiment.predict_model.<locals>.encode_labels at 0x000001A1C987F250>)
2024-06-15 14:31:27,174:INFO:Checking exceptions
2024-06-15 14:31:27,174:INFO:Preloading libraries
2024-06-15 14:31:27,174:INFO:Set up data.
2024-06-15 14:31:27,177:INFO:Set up index.
2024-06-15 14:31:30,025:INFO:Initializing load_model()
2024-06-15 14:31:30,025:INFO:load_model(model_name=insurance_model, platform=None, authentication=None, verbose=True)
2024-06-15 14:31:30,050:WARNING:C:\Users\Pushpak Patil\AppData\Local\Programs\Python\Python310\lib\site-packages\pycaret\internal\pipeline.py:148: UserWarning: Version mismatch:
current: {'deps_info': {'pip': '24.0', 'setuptools': '65.5.0', 'pycaret': '3.3.2', 'IPython': '8.25.0', 'ipywidgets': '8.1.3', 'tqdm': '4.66.4', 'numpy': '1.26.4', 'pandas': '2.1.4', 'jinja2': '3.1.4', 'scipy': '1.11.4', 'joblib': '1.3.2', 'sklearn': '1.4.2', 'pyod': '2.0.0', 'imblearn': '0.12.3', 'category_encoders': '2.6.3', 'lightgbm': '4.4.0', 'numba': '0.60.0', 'requests': '2.32.3', 'matplotlib': '3.7.5', 'scikitplot': '0.3.7', 'yellowbrick': '1.5', 'plotly': '5.22.0', 'plotly-resampler': 'Not installed', 'kaleido': '0.2.1', 'schemdraw': '0.15', 'statsmodels': '0.14.2', 'sktime': '0.26.0', 'tbats': '1.1.3', 'pmdarima': '2.0.4', 'psutil': '5.9.8', 'markupsafe': '2.1.5', 'pickle5': 'Not installed', 'cloudpickle': '3.0.0', 'deprecation': '2.1.0', 'xxhash': '3.4.1', 'wurlitzer': 'Not installed'}, 'python': {'version': '3.10.11', 'machine': 'AMD64'}}
pickle: {'deps_info': {'pip': '23.2.1', 'setuptools': '68.0.0', 'pycaret': '3.3.2', 'IPython': '8.20.0', 'ipywidgets': '8.0.4', 'tqdm': '4.65.0', 'numpy': '1.26.3', 'pandas': '2.1.4', 'jinja2': '3.1.2', 'scipy': '1.11.4', 'joblib': '1.2.0', 'sklearn': '1.4.2', 'pyod': '2.0.0', 'imblearn': '0.12.3', 'category_encoders': '2.6.3', 'lightgbm': '4.3.0', 'numba': '0.58.1', 'requests': '2.31.0', 'matplotlib': '3.7.5', 'scikitplot': '0.3.7', 'yellowbrick': '1.5', 'plotly': '5.22.0', 'plotly-resampler': 'Not installed', 'kaleido': '0.2.1', 'schemdraw': '0.15', 'statsmodels': '0.14.0', 'sktime': '0.26.0', 'tbats': '1.1.3', 'pmdarima': '2.0.4', 'psutil': '5.9.0', 'markupsafe': '2.1.3', 'pickle5': 'Not installed', 'cloudpickle': '2.2.1', 'deprecation': '2.1.0', 'xxhash': '2.0.2', 'wurlitzer': 'Not installed'}, 'python': {'version': '3.11.4', 'machine': 'AMD64'}}
  warnings.warn(

2024-06-15 14:31:30,050:INFO:Transformation Pipeline and Model Successfully Loaded
2024-06-15 14:31:31,224:INFO:Initializing load_model()
2024-06-15 14:31:31,224:INFO:load_model(model_name=insurance_model, platform=None, authentication=None, verbose=True)
2024-06-15 14:31:31,242:WARNING:C:\Users\Pushpak Patil\AppData\Local\Programs\Python\Python310\lib\site-packages\pycaret\internal\pipeline.py:148: UserWarning: Version mismatch:
current: {'deps_info': {'pip': '24.0', 'setuptools': '65.5.0', 'pycaret': '3.3.2', 'IPython': '8.25.0', 'ipywidgets': '8.1.3', 'tqdm': '4.66.4', 'numpy': '1.26.4', 'pandas': '2.1.4', 'jinja2': '3.1.4', 'scipy': '1.11.4', 'joblib': '1.3.2', 'sklearn': '1.4.2', 'pyod': '2.0.0', 'imblearn': '0.12.3', 'category_encoders': '2.6.3', 'lightgbm': '4.4.0', 'numba': '0.60.0', 'requests': '2.32.3', 'matplotlib': '3.7.5', 'scikitplot': '0.3.7', 'yellowbrick': '1.5', 'plotly': '5.22.0', 'plotly-resampler': 'Not installed', 'kaleido': '0.2.1', 'schemdraw': '0.15', 'statsmodels': '0.14.2', 'sktime': '0.26.0', 'tbats': '1.1.3', 'pmdarima': '2.0.4', 'psutil': '5.9.8', 'markupsafe': '2.1.5', 'pickle5': 'Not installed', 'cloudpickle': '3.0.0', 'deprecation': '2.1.0', 'xxhash': '3.4.1', 'wurlitzer': 'Not installed'}, 'python': {'version': '3.10.11', 'machine': 'AMD64'}}
pickle: {'deps_info': {'pip': '23.2.1', 'setuptools': '68.0.0', 'pycaret': '3.3.2', 'IPython': '8.20.0', 'ipywidgets': '8.0.4', 'tqdm': '4.65.0', 'numpy': '1.26.3', 'pandas': '2.1.4', 'jinja2': '3.1.2', 'scipy': '1.11.4', 'joblib': '1.2.0', 'sklearn': '1.4.2', 'pyod': '2.0.0', 'imblearn': '0.12.3', 'category_encoders': '2.6.3', 'lightgbm': '4.3.0', 'numba': '0.58.1', 'requests': '2.31.0', 'matplotlib': '3.7.5', 'scikitplot': '0.3.7', 'yellowbrick': '1.5', 'plotly': '5.22.0', 'plotly-resampler': 'Not installed', 'kaleido': '0.2.1', 'schemdraw': '0.15', 'statsmodels': '0.14.0', 'sktime': '0.26.0', 'tbats': '1.1.3', 'pmdarima': '2.0.4', 'psutil': '5.9.0', 'markupsafe': '2.1.3', 'pickle5': 'Not installed', 'cloudpickle': '2.2.1', 'deprecation': '2.1.0', 'xxhash': '2.0.2', 'wurlitzer': 'Not installed'}, 'python': {'version': '3.11.4', 'machine': 'AMD64'}}
  warnings.warn(

2024-06-15 14:31:31,242:INFO:Transformation Pipeline and Model Successfully Loaded
2024-06-15 14:31:31,550:INFO:Initializing predict_model()
2024-06-15 14:31:31,551:INFO:predict_model(self=<pycaret.regression.oop.RegressionExperiment object at 0x000001A1DE564760>, estimator=Pipeline(memory=Memory(location=None),
         steps=[('numerical_imputer',
                 TransformerWrapper(include=['age', 'bmi', 'children'],
                                    transformer=SimpleImputer())),
                ('categorical_imputer',
                 TransformerWrapper(include=['sex', 'smoker', 'region'],
                                    transformer=SimpleImputer(strategy='most_frequent'))),
                ('ordinal_encoding',
                 TransformerWrapper(include=['sex', 'smoker'],
                                    transfor...
                ('polynomial_features',
                 TransformerWrapper(transformer=PolynomialFeatures(include_bias=False))),
                ('bin_numeric_features',
                 TransformerWrapper(include=['age', 'bmi'],
                                    transformer=KBinsDiscretizer(encode='ordinal',
                                                                 strategy='kmeans'))),
                ('normalize', TransformerWrapper(transformer=StandardScaler())),
                ('actual_estimator',
                 GradientBoostingRegressor(random_state=123))]), probability_threshold=None, encoded_labels=False, raw_score=False, round=4, verbose=True, ml_usecase=None, preprocess=True, encode_labels=<function _SupervisedExperiment.predict_model.<locals>.encode_labels at 0x000001A1DE81FEB0>)
2024-06-15 14:31:31,551:INFO:Checking exceptions
2024-06-15 14:31:31,551:INFO:Preloading libraries
2024-06-15 14:31:31,551:INFO:Set up data.
2024-06-15 14:31:31,555:INFO:Set up index.
2024-06-15 14:31:35,867:INFO:Initializing load_model()
2024-06-15 14:31:35,867:INFO:load_model(model_name=insurance_model, platform=None, authentication=None, verbose=True)
2024-06-15 14:31:35,876:WARNING:C:\Users\Pushpak Patil\AppData\Local\Programs\Python\Python310\lib\site-packages\pycaret\internal\pipeline.py:148: UserWarning: Version mismatch:
current: {'deps_info': {'pip': '24.0', 'setuptools': '65.5.0', 'pycaret': '3.3.2', 'IPython': '8.25.0', 'ipywidgets': '8.1.3', 'tqdm': '4.66.4', 'numpy': '1.26.4', 'pandas': '2.1.4', 'jinja2': '3.1.4', 'scipy': '1.11.4', 'joblib': '1.3.2', 'sklearn': '1.4.2', 'pyod': '2.0.0', 'imblearn': '0.12.3', 'category_encoders': '2.6.3', 'lightgbm': '4.4.0', 'numba': '0.60.0', 'requests': '2.32.3', 'matplotlib': '3.7.5', 'scikitplot': '0.3.7', 'yellowbrick': '1.5', 'plotly': '5.22.0', 'plotly-resampler': 'Not installed', 'kaleido': '0.2.1', 'schemdraw': '0.15', 'statsmodels': '0.14.2', 'sktime': '0.26.0', 'tbats': '1.1.3', 'pmdarima': '2.0.4', 'psutil': '5.9.8', 'markupsafe': '2.1.5', 'pickle5': 'Not installed', 'cloudpickle': '3.0.0', 'deprecation': '2.1.0', 'xxhash': '3.4.1', 'wurlitzer': 'Not installed'}, 'python': {'version': '3.10.11', 'machine': 'AMD64'}}
pickle: {'deps_info': {'pip': '23.2.1', 'setuptools': '68.0.0', 'pycaret': '3.3.2', 'IPython': '8.20.0', 'ipywidgets': '8.0.4', 'tqdm': '4.65.0', 'numpy': '1.26.3', 'pandas': '2.1.4', 'jinja2': '3.1.2', 'scipy': '1.11.4', 'joblib': '1.2.0', 'sklearn': '1.4.2', 'pyod': '2.0.0', 'imblearn': '0.12.3', 'category_encoders': '2.6.3', 'lightgbm': '4.3.0', 'numba': '0.58.1', 'requests': '2.31.0', 'matplotlib': '3.7.5', 'scikitplot': '0.3.7', 'yellowbrick': '1.5', 'plotly': '5.22.0', 'plotly-resampler': 'Not installed', 'kaleido': '0.2.1', 'schemdraw': '0.15', 'statsmodels': '0.14.0', 'sktime': '0.26.0', 'tbats': '1.1.3', 'pmdarima': '2.0.4', 'psutil': '5.9.0', 'markupsafe': '2.1.3', 'pickle5': 'Not installed', 'cloudpickle': '2.2.1', 'deprecation': '2.1.0', 'xxhash': '2.0.2', 'wurlitzer': 'Not installed'}, 'python': {'version': '3.11.4', 'machine': 'AMD64'}}
  warnings.warn(

2024-06-15 14:31:35,876:INFO:Transformation Pipeline and Model Successfully Loaded
2024-06-15 14:31:37,220:INFO:Initializing load_model()
2024-06-15 14:31:37,220:INFO:load_model(model_name=insurance_model, platform=None, authentication=None, verbose=True)
2024-06-15 14:31:37,238:WARNING:C:\Users\Pushpak Patil\AppData\Local\Programs\Python\Python310\lib\site-packages\pycaret\internal\pipeline.py:148: UserWarning: Version mismatch:
current: {'deps_info': {'pip': '24.0', 'setuptools': '65.5.0', 'pycaret': '3.3.2', 'IPython': '8.25.0', 'ipywidgets': '8.1.3', 'tqdm': '4.66.4', 'numpy': '1.26.4', 'pandas': '2.1.4', 'jinja2': '3.1.4', 'scipy': '1.11.4', 'joblib': '1.3.2', 'sklearn': '1.4.2', 'pyod': '2.0.0', 'imblearn': '0.12.3', 'category_encoders': '2.6.3', 'lightgbm': '4.4.0', 'numba': '0.60.0', 'requests': '2.32.3', 'matplotlib': '3.7.5', 'scikitplot': '0.3.7', 'yellowbrick': '1.5', 'plotly': '5.22.0', 'plotly-resampler': 'Not installed', 'kaleido': '0.2.1', 'schemdraw': '0.15', 'statsmodels': '0.14.2', 'sktime': '0.26.0', 'tbats': '1.1.3', 'pmdarima': '2.0.4', 'psutil': '5.9.8', 'markupsafe': '2.1.5', 'pickle5': 'Not installed', 'cloudpickle': '3.0.0', 'deprecation': '2.1.0', 'xxhash': '3.4.1', 'wurlitzer': 'Not installed'}, 'python': {'version': '3.10.11', 'machine': 'AMD64'}}
pickle: {'deps_info': {'pip': '23.2.1', 'setuptools': '68.0.0', 'pycaret': '3.3.2', 'IPython': '8.20.0', 'ipywidgets': '8.0.4', 'tqdm': '4.65.0', 'numpy': '1.26.3', 'pandas': '2.1.4', 'jinja2': '3.1.2', 'scipy': '1.11.4', 'joblib': '1.2.0', 'sklearn': '1.4.2', 'pyod': '2.0.0', 'imblearn': '0.12.3', 'category_encoders': '2.6.3', 'lightgbm': '4.3.0', 'numba': '0.58.1', 'requests': '2.31.0', 'matplotlib': '3.7.5', 'scikitplot': '0.3.7', 'yellowbrick': '1.5', 'plotly': '5.22.0', 'plotly-resampler': 'Not installed', 'kaleido': '0.2.1', 'schemdraw': '0.15', 'statsmodels': '0.14.0', 'sktime': '0.26.0', 'tbats': '1.1.3', 'pmdarima': '2.0.4', 'psutil': '5.9.0', 'markupsafe': '2.1.3', 'pickle5': 'Not installed', 'cloudpickle': '2.2.1', 'deprecation': '2.1.0', 'xxhash': '2.0.2', 'wurlitzer': 'Not installed'}, 'python': {'version': '3.11.4', 'machine': 'AMD64'}}
  warnings.warn(

2024-06-15 14:31:37,239:INFO:Transformation Pipeline and Model Successfully Loaded
2024-06-15 14:31:37,523:INFO:Initializing predict_model()
2024-06-15 14:31:37,523:INFO:predict_model(self=<pycaret.regression.oop.RegressionExperiment object at 0x000001A1DE4AB850>, estimator=Pipeline(memory=Memory(location=None),
         steps=[('numerical_imputer',
                 TransformerWrapper(include=['age', 'bmi', 'children'],
                                    transformer=SimpleImputer())),
                ('categorical_imputer',
                 TransformerWrapper(include=['sex', 'smoker', 'region'],
                                    transformer=SimpleImputer(strategy='most_frequent'))),
                ('ordinal_encoding',
                 TransformerWrapper(include=['sex', 'smoker'],
                                    transfor...
                ('polynomial_features',
                 TransformerWrapper(transformer=PolynomialFeatures(include_bias=False))),
                ('bin_numeric_features',
                 TransformerWrapper(include=['age', 'bmi'],
                                    transformer=KBinsDiscretizer(encode='ordinal',
                                                                 strategy='kmeans'))),
                ('normalize', TransformerWrapper(transformer=StandardScaler())),
                ('actual_estimator',
                 GradientBoostingRegressor(random_state=123))]), probability_threshold=None, encoded_labels=False, raw_score=False, round=4, verbose=True, ml_usecase=None, preprocess=True, encode_labels=<function _SupervisedExperiment.predict_model.<locals>.encode_labels at 0x000001A1DE81FD00>)
2024-06-15 14:31:37,524:INFO:Checking exceptions
2024-06-15 14:31:37,524:INFO:Preloading libraries
2024-06-15 14:31:37,525:INFO:Set up data.
2024-06-15 14:31:37,529:INFO:Set up index.
